<?xml version="1.0" encoding="UTF-8"?>
<!-- Generated by org.testng.reporters.JUnitReportReporter -->
<testsuite hostname="LAPTOP-JH94FA36" failures="0" tests="1" name="com.Sushant.Testcases.LoginPageTest" time="12.874" errors="0" timestamp="2022-12-09T08:05:40 NPT" skipped="0">
  <testcase classname="com.Sushant.Testcases.LoginPageTest" name="loginApp" time="12.874"/>
  <system-out/>
</testsuite> <!-- com.Sushant.Testcases.LoginPageTest -->
